<?xml version="1.0" encoding="UTF-8" ?>
<testsuite tests="1" failures="0" name="test.Test" time="1.251" errors="0" skipped="0">
  <properties>
    <property name="java.runtime.name" value="Java(TM) SE Runtime Environment"/>
    <property name="sun.boot.library.path" value="D:\java20151026download\jre\bin"/>
    <property name="java.vm.version" value="25.45-b02"/>
    <property name="user.country.format" value="GB"/>
    <property name="java.vm.vendor" value="Oracle Corporation"/>
    <property name="maven.multiModuleProjectDirectory" value="D:\aaa_GitHubAndOSChina\demos\web_chats\chats-web"/>
    <property name="java.vendor.url" value="http://java.oracle.com/"/>
    <property name="path.separator" value=";"/>
    <property name="guice.disable.misplaced.annotation.check" value="true"/>
    <property name="java.vm.name" value="Java HotSpot(TM) 64-Bit Server VM"/>
    <property name="file.encoding.pkg" value="sun.io"/>
    <property name="user.script" value=""/>
    <property name="user.country" value="CN"/>
    <property name="sun.java.launcher" value="SUN_STANDARD"/>
    <property name="sun.os.patch.level" value="Service Pack 1"/>
    <property name="java.vm.specification.name" value="Java Virtual Machine Specification"/>
    <property name="user.dir" value="D:\aaa_GitHubAndOSChina\demos\web_chats\chats-web"/>
    <property name="java.runtime.version" value="1.8.0_45-b15"/>
    <property name="java.awt.graphicsenv" value="sun.awt.Win32GraphicsEnvironment"/>
    <property name="java.endorsed.dirs" value="D:\java20151026download\jre\lib\endorsed"/>
    <property name="os.arch" value="amd64"/>
    <property name="java.io.tmpdir" value="C:\Users\HuaTai\AppData\Local\Temp\"/>
    <property name="line.separator" value="
"/>
    <property name="java.vm.specification.vendor" value="Oracle Corporation"/>
    <property name="user.variant" value=""/>
    <property name="os.name" value="Windows 7"/>
    <property name="classworlds.conf" value="D:\qxt\newworkspaces\.metadata\.plugins\org.eclipse.m2e.launching\launches\m2conf444612267881161399.tmp"/>
    <property name="sun.jnu.encoding" value="GBK"/>
    <property name="java.library.path" value="D:\java20151026download\bin;C:\Windows\Sun\Java\bin;C:\Windows\system32;C:\Windows;D:/java20151026download/bin/../jre/bin/server;D:/java20151026download/bin/../jre/bin;D:/java20151026download/bin/../jre/lib/amd64;D:\taobao_tomcat_7.0\taobao-tomcat-7.0.59\bin;D:\apache-tomcat-6.0.16\bin;%CATALINA_HOME%\lib;%CATALINA_BASE%\bin;D:\Oracle\product\11.2.0\client_1\bin;D:\Oracle\product\11.2.0\dbhome_1\bin;D:\Oracle\product\11.2.0\client_2\bin;.;D:\java20151026download\bin;C:\ProgramData\Oracle\Java\javapath;C:\Windows\system32;C:\Windows;C:\Windows\System32\Wbem;C:\Windows\System32\WindowsPowerShell\v1.0\;D:\MySQL\bin;D:\MySQL\bin;D:\qxt\svn64bit\bin;D:\Maven3.39\apache-maven-3.3.9\bin;C:\Program Files (x86)\Microsoft SQL Server\90\Tools\binn\;D:\gitForWindows\Git;D:\TortoiseGit2.2.0\bin;D:\gradle\gradle-2.8\bin;C:\instantclient_11_2;C:\Program Files (x86)\IDM Computer Solutions\UltraCompare\;;E:\aNewQxt\eclipse;;."/>
    <property name="java.specification.name" value="Java Platform API Specification"/>
    <property name="java.class.version" value="52.0"/>
    <property name="sun.management.compiler" value="HotSpot 64-Bit Tiered Compilers"/>
    <property name="os.version" value="6.1"/>
    <property name="user.home" value="C:\Users\HuaTai"/>
    <property name="user.timezone" value="Asia/Shanghai"/>
    <property name="java.awt.printerjob" value="sun.awt.windows.WPrinterJob"/>
    <property name="java.specification.version" value="1.8"/>
    <property name="file.encoding" value="GBK"/>
    <property name="user.name" value="HuaTai"/>
    <property name="java.class.path" value="/E:/aNewQxt/eclipse/plugins/org.eclipse.m2e.maven.runtime_1.6.2.20150902-0001/jars/plexus-classworlds-2.5.2.jar"/>
    <property name="java.vm.specification.version" value="1.8"/>
    <property name="sun.arch.data.model" value="64"/>
    <property name="java.home" value="D:\java20151026download\jre"/>
    <property name="sun.java.command" value="org.codehaus.plexus.classworlds.launcher.Launcher -B install"/>
    <property name="java.specification.vendor" value="Oracle Corporation"/>
    <property name="user.language" value="zh"/>
    <property name="user.language.format" value="en"/>
    <property name="awt.toolkit" value="sun.awt.windows.WToolkit"/>
    <property name="java.vm.info" value="mixed mode"/>
    <property name="java.version" value="1.8.0_45"/>
    <property name="java.ext.dirs" value="D:\java20151026download\jre\lib\ext;C:\Windows\Sun\Java\lib\ext"/>
    <property name="sun.boot.class.path" value="D:\java20151026download\jre\lib\resources.jar;D:\java20151026download\jre\lib\rt.jar;D:\java20151026download\jre\lib\sunrsasign.jar;D:\java20151026download\jre\lib\jsse.jar;D:\java20151026download\jre\lib\jce.jar;D:\java20151026download\jre\lib\charsets.jar;D:\java20151026download\jre\lib\jfr.jar;D:\java20151026download\jre\classes"/>
    <property name="java.vendor" value="Oracle Corporation"/>
    <property name="maven.home" value="D:\aaa_GitHubAndOSChina\demos\web_chats\chats-web\EMBEDDED"/>
    <property name="file.separator" value="\"/>
    <property name="java.vendor.url.bug" value="http://bugreport.sun.com/bugreport/"/>
    <property name="sun.cpu.endian" value="little"/>
    <property name="sun.io.unicode.encoding" value="UnicodeLittle"/>
    <property name="sun.desktop" value="windows"/>
    <property name="sun.cpu.isalist" value="amd64"/>
  </properties>
  <testcase classname="test.Test" name="test" time="1.251"/>
</testsuite>